Arguments: 
  /home/oem/.nvm/versions/node/v18.16.0/bin/node /home/oem/.nvm/versions/node/v18.16.0/bin/yarn add GridStack

PATH: 
  /home/oem/.nvm/versions/node/v18.16.0/bin:/run/user/29999/fnm_multishells/176530_1695208091016/bin:/home/oem/.local/share/fnm:/home/linuxbrew/.linuxbrew/bin:/home/linuxbrew/.linuxbrew/sbin:/home/oem/.cargo/bin:/home/oem/.local/bin:/usr/local/sbin:/usr/local/bin:/usr/sbin:/usr/bin:/sbin:/bin:/usr/games:/usr/local/games:/snap/bin:/home/oem/Documents/AIRSDK_Linux/bin:/home/oem/Documents/AIRSDK_Linux/bin:/opt/Xilinx/13.2/ISE_DS/ISE/bin/lin64/

Yarn version: 
  1.22.19

Node version: 
  18.16.0

Platform: 
  linux x64

Trace: 
  Error: https://registry.yarnpkg.com/GridStack: Not found
      at params.callback [as _callback] (/home/oem/.nvm/versions/node/v18.16.0/lib/node_modules/yarn/lib/cli.js:66145:18)
      at self.callback (/home/oem/.nvm/versions/node/v18.16.0/lib/node_modules/yarn/lib/cli.js:140890:22)
      at Request.emit (node:events:513:28)
      at Request.<anonymous> (/home/oem/.nvm/versions/node/v18.16.0/lib/node_modules/yarn/lib/cli.js:141862:10)
      at Request.emit (node:events:513:28)
      at IncomingMessage.<anonymous> (/home/oem/.nvm/versions/node/v18.16.0/lib/node_modules/yarn/lib/cli.js:141784:12)
      at Object.onceWrapper (node:events:627:28)
      at IncomingMessage.emit (node:events:525:35)
      at endReadableNT (node:internal/streams/readable:1359:12)
      at process.processTicksAndRejections (node:internal/process/task_queues:82:21)

npm manifest: 
  {
    "name": "fbapp",
    "version": "0.0.1",
    "private": true,
    "scripts": {
      "dev": "vite dev",
      "build": "vite build",
      "preview": "vite preview",
      "check": "svelte-kit sync && svelte-check --tsconfig ./tsconfig.json",
      "check:watch": "svelte-kit sync && svelte-check --tsconfig ./tsconfig.json --watch",
      "lint": "prettier --plugin-search-dir . --check . && eslint .",
      "format": "prettier --plugin-search-dir . --write ."
    },
    "devDependencies": {
      "@skeletonlabs/skeleton": "2.1.0",
      "@skeletonlabs/tw-plugin": "0.2.0",
      "@sveltejs/adapter-auto": "^2.0.0",
      "@sveltejs/kit": "^1.20.4",
      "@tailwindcss/forms": "0.5.6",
      "@tailwindcss/typography": "0.5.10",
      "@types/node": "20.6.2",
      "@typescript-eslint/eslint-plugin": "^6.0.0",
      "@typescript-eslint/parser": "^6.0.0",
      "autoprefixer": "10.4.15",
      "eslint": "^8.28.0",
      "eslint-config-prettier": "^8.5.0",
      "eslint-plugin-svelte": "^2.30.0",
      "postcss": "8.4.30",
      "prettier": "^2.8.0",
      "prettier-plugin-svelte": "^2.10.1",
      "svelte": "^4.0.5",
      "svelte-check": "^3.4.3",
      "tailwindcss": "3.3.3",
      "tslib": "^2.4.1",
      "typescript": "^5.2.2",
      "vite": "^4.4.2",
      "vite-plugin-tailwind-purgecss": "0.1.3"
    },
    "type": "module",
    "dependencies": {
      "@floating-ui/dom": "1.5.3",
      "@neodrag/svelte": "^2.0.3",
      "gridstack": "^9.2.0",
      "nodemon": "^3.0.1",
      "svelte-preprocess": "^5.0.4"
    }
  }

yarn manifest: 
  No manifest

Lockfile: 
  No lockfile
